::ffff:127.0.0.1 - - [18/Dec/2019:03:25:51 +0000] "POST /register HTTP/1.1" 400 22 "-" "Mozilla/5.0 (Windows NT 10.0; Win64; x64; rv:71.0) Gecko/20100101 Firefox/71.0"
::ffff:127.0.0.1 - - [18/Dec/2019:03:26:39 +0000] "POST /register HTTP/1.1" 400 22 "-" "Mozilla/5.0 (Windows NT 10.0; Win64; x64; rv:71.0) Gecko/20100101 Firefox/71.0"
::ffff:127.0.0.1 - - [18/Dec/2019:03:26:41 +0000] "POST /register HTTP/1.1" 400 22 "-" "Mozilla/5.0 (Windows NT 10.0; Win64; x64; rv:71.0) Gecko/20100101 Firefox/71.0"
::1 - - [19/Dec/2019:01:39:46 +0000] "GET /protected HTTP/1.1" 500 2272 "-" "Mozilla/5.0 (Windows NT 10.0; Win64; x64; rv:71.0) Gecko/20100101 Firefox/71.0"
::1 - - [19/Dec/2019:01:40:37 +0000] "GET /protected HTTP/1.1" 500 139 "-" "Mozilla/5.0 (Windows NT 10.0; Win64; x64; rv:71.0) Gecko/20100101 Firefox/71.0"
::1 - - [19/Dec/2019:01:40:39 +0000] "GET /protected HTTP/1.1" 500 139 "-" "Mozilla/5.0 (Windows NT 10.0; Win64; x64; rv:71.0) Gecko/20100101 Firefox/71.0"
::1 - - [19/Dec/2019:01:40:55 +0000] "GET /protected HTTP/1.1" 500 139 "-" "Mozilla/5.0 (Windows NT 10.0; Win64; x64; rv:71.0) Gecko/20100101 Firefox/71.0"
::1 - - [19/Dec/2019:01:40:57 +0000] "GET /protected HTTP/1.1" 500 139 "-" "Mozilla/5.0 (Windows NT 10.0; Win64; x64; rv:71.0) Gecko/20100101 Firefox/71.0"
::1 - - [19/Dec/2019:01:40:59 +0000] "GET /login HTTP/1.1" 200 107 "-" "Mozilla/5.0 (Windows NT 10.0; Win64; x64; rv:71.0) Gecko/20100101 Firefox/71.0"
::1 - - [19/Dec/2019:01:40:59 +0000] "GET /favicon.ico HTTP/1.1" - - "-" "Mozilla/5.0 (Windows NT 10.0; Win64; x64; rv:71.0) Gecko/20100101 Firefox/71.0"
::1 - - [19/Dec/2019:01:41:03 +0000] "GET /login?user=joe HTTP/1.1" 200 19 "-" "Mozilla/5.0 (Windows NT 10.0; Win64; x64; rv:71.0) Gecko/20100101 Firefox/71.0"
::1 - - [19/Dec/2019:01:41:09 +0000] "GET /protectefd HTTP/1.1" 200 28 "-" "Mozilla/5.0 (Windows NT 10.0; Win64; x64; rv:71.0) Gecko/20100101 Firefox/71.0"
::1 - - [19/Dec/2019:01:41:12 +0000] "GET /protected HTTP/1.1" 500 139 "-" "Mozilla/5.0 (Windows NT 10.0; Win64; x64; rv:71.0) Gecko/20100101 Firefox/71.0"
::1 - - [19/Dec/2019:01:41:37 +0000] "GET /protected HTTP/1.1" 500 139 "-" "Mozilla/5.0 (Windows NT 10.0; Win64; x64; rv:71.0) Gecko/20100101 Firefox/71.0"
::1 - - [19/Dec/2019:01:41:59 +0000] "GET /protected HTTP/1.1" 500 139 "-" "Mozilla/5.0 (Windows NT 10.0; Win64; x64; rv:71.0) Gecko/20100101 Firefox/71.0"
::1 - - [19/Dec/2019:01:42:06 +0000] "GET /protecteds HTTP/1.1" 200 28 "-" "Mozilla/5.0 (Windows NT 10.0; Win64; x64; rv:71.0) Gecko/20100101 Firefox/71.0"
::1 - - [19/Dec/2019:01:42:10 +0000] "GET /login HTTP/1.1" 200 107 "-" "Mozilla/5.0 (Windows NT 10.0; Win64; x64; rv:71.0) Gecko/20100101 Firefox/71.0"
::1 - - [19/Dec/2019:01:42:14 +0000] "GET /login?user=joe HTTP/1.1" 200 19 "-" "Mozilla/5.0 (Windows NT 10.0; Win64; x64; rv:71.0) Gecko/20100101 Firefox/71.0"
::1 - - [19/Dec/2019:01:42:16 +0000] "GET /login?user=joe HTTP/1.1" 304 - "-" "Mozilla/5.0 (Windows NT 10.0; Win64; x64; rv:71.0) Gecko/20100101 Firefox/71.0"
::1 - - [19/Dec/2019:01:42:21 +0000] "GET /protected HTTP/1.1" 500 139 "-" "Mozilla/5.0 (Windows NT 10.0; Win64; x64; rv:71.0) Gecko/20100101 Firefox/71.0"
::1 - - [19/Dec/2019:01:42:50 +0000] "GET /protected HTTP/1.1" 200 52 "-" "Mozilla/5.0 (Windows NT 10.0; Win64; x64; rv:71.0) Gecko/20100101 Firefox/71.0"
::1 - - [19/Dec/2019:01:42:51 +0000] "GET /protected HTTP/1.1" 304 - "-" "Mozilla/5.0 (Windows NT 10.0; Win64; x64; rv:71.0) Gecko/20100101 Firefox/71.0"
::1 - - [19/Dec/2019:01:42:55 +0000] "GET /protecteds HTTP/1.1" 200 28 "-" "Mozilla/5.0 (Windows NT 10.0; Win64; x64; rv:71.0) Gecko/20100101 Firefox/71.0"
::1 - - [19/Dec/2019:01:42:57 +0000] "GET /protected HTTP/1.1" 304 - "-" "Mozilla/5.0 (Windows NT 10.0; Win64; x64; rv:71.0) Gecko/20100101 Firefox/71.0"
::1 - - [19/Dec/2019:01:43:01 +0000] "GET / HTTP/1.1" 200 28 "-" "Mozilla/5.0 (Windows NT 10.0; Win64; x64; rv:71.0) Gecko/20100101 Firefox/71.0"
::1 - - [19/Dec/2019:01:43:09 +0000] "GET /login?user=joe2 HTTP/1.1" 200 19 "-" "Mozilla/5.0 (Windows NT 10.0; Win64; x64; rv:71.0) Gecko/20100101 Firefox/71.0"
::1 - - [19/Dec/2019:01:43:14 +0000] "GET /protected HTTP/1.1" 500 139 "-" "Mozilla/5.0 (Windows NT 10.0; Win64; x64; rv:71.0) Gecko/20100101 Firefox/71.0"
::1 - - [19/Dec/2019:01:43:21 +0000] "GET /joe HTTP/1.1" 200 28 "-" "Mozilla/5.0 (Windows NT 10.0; Win64; x64; rv:71.0) Gecko/20100101 Firefox/71.0"
::1 - - [19/Dec/2019:01:43:23 +0000] "GET /joe2 HTTP/1.1" 200 28 "-" "Mozilla/5.0 (Windows NT 10.0; Win64; x64; rv:71.0) Gecko/20100101 Firefox/71.0"
::1 - - [19/Dec/2019:02:43:19 +0000] "GET /login HTTP/1.1" 200 127 "-" "Mozilla/5.0 (Windows NT 10.0; Win64; x64; rv:71.0) Gecko/20100101 Firefox/71.0"
::1 - - [19/Dec/2019:02:43:19 +0000] "GET /favicon.ico HTTP/1.1" - - "-" "Mozilla/5.0 (Windows NT 10.0; Win64; x64; rv:71.0) Gecko/20100101 Firefox/71.0"
::1 - - [19/Dec/2019:02:43:31 +0000] "GET /?user=joe?pass=test HTTP/1.1" 200 28 "-" "Mozilla/5.0 (Windows NT 10.0; Win64; x64; rv:71.0) Gecko/20100101 Firefox/71.0"
::1 - - [19/Dec/2019:02:43:39 +0000] "GET /login?user=joe?pass=test HTTP/1.1" 200 19 "-" "Mozilla/5.0 (Windows NT 10.0; Win64; x64; rv:71.0) Gecko/20100101 Firefox/71.0"
::1 - - [19/Dec/2019:02:43:42 +0000] "GET /login?user=joe?pass=tests HTTP/1.1" 200 19 "-" "Mozilla/5.0 (Windows NT 10.0; Win64; x64; rv:71.0) Gecko/20100101 Firefox/71.0"
::1 - - [19/Dec/2019:02:43:44 +0000] "GET /login?user=joe?pass=testss HTTP/1.1" 200 19 "-" "Mozilla/5.0 (Windows NT 10.0; Win64; x64; rv:71.0) Gecko/20100101 Firefox/71.0"
::1 - - [19/Dec/2019:02:43:49 +0000] "GET /login?user=joe?pass=testssss HTTP/1.1" 200 19 "-" "Mozilla/5.0 (Windows NT 10.0; Win64; x64; rv:71.0) Gecko/20100101 Firefox/71.0"
::1 - - [19/Dec/2019:02:44:41 +0000] "GET /login?user=joe?pass=testssss HTTP/1.1" 304 - "-" "Mozilla/5.0 (Windows NT 10.0; Win64; x64; rv:71.0) Gecko/20100101 Firefox/71.0"
::1 - - [19/Dec/2019:02:44:42 +0000] "GET /login?user=joe?pass=testssss HTTP/1.1" 304 - "-" "Mozilla/5.0 (Windows NT 10.0; Win64; x64; rv:71.0) Gecko/20100101 Firefox/71.0"
::1 - - [19/Dec/2019:02:45:54 +0000] "GET /login?user=joe?pass=testssss HTTP/1.1" 200 29 "-" "Mozilla/5.0 (Windows NT 10.0; Win64; x64; rv:71.0) Gecko/20100101 Firefox/71.0"
::1 - - [19/Dec/2019:02:45:56 +0000] "GET /login?user=joe?pass=testssss HTTP/1.1" 200 29 "-" "Mozilla/5.0 (Windows NT 10.0; Win64; x64; rv:71.0) Gecko/20100101 Firefox/71.0"
::1 - - [19/Dec/2019:02:45:56 +0000] "GET /favicon.ico HTTP/1.1" - - "-" "Mozilla/5.0 (Windows NT 10.0; Win64; x64; rv:71.0) Gecko/20100101 Firefox/71.0"
::1 - - [19/Dec/2019:02:46:15 +0000] "GET /login/joe/testssss HTTP/1.1" 401 12 "-" "Mozilla/5.0 (Windows NT 10.0; Win64; x64; rv:71.0) Gecko/20100101 Firefox/71.0"
::1 - - [19/Dec/2019:02:46:19 +0000] "GET /login/joe/test HTTP/1.1" 401 12 "-" "Mozilla/5.0 (Windows NT 10.0; Win64; x64; rv:71.0) Gecko/20100101 Firefox/71.0"
::1 - - [19/Dec/2019:02:46:20 +0000] "GET /login/joe/test HTTP/1.1" 401 12 "-" "Mozilla/5.0 (Windows NT 10.0; Win64; x64; rv:71.0) Gecko/20100101 Firefox/71.0"
::1 - - [19/Dec/2019:02:46:47 +0000] "GET /login/joe/test HTTP/1.1" 401 12 "-" "Mozilla/5.0 (Windows NT 10.0; Win64; x64; rv:71.0) Gecko/20100101 Firefox/71.0"
::1 - - [19/Dec/2019:02:46:47 +0000] "GET /favicon.ico HTTP/1.1" - - "-" "Mozilla/5.0 (Windows NT 10.0; Win64; x64; rv:71.0) Gecko/20100101 Firefox/71.0"
::1 - - [19/Dec/2019:02:46:59 +0000] "GET /login/joe/test HTTP/1.1" 401 12 "-" "Mozilla/5.0 (Windows NT 10.0; Win64; x64; rv:71.0) Gecko/20100101 Firefox/71.0"
::1 - - [19/Dec/2019:02:46:59 +0000] "GET /favicon.ico HTTP/1.1" - - "-" "Mozilla/5.0 (Windows NT 10.0; Win64; x64; rv:71.0) Gecko/20100101 Firefox/71.0"
::1 - - [19/Dec/2019:02:47:04 +0000] "GET /login/joe/test HTTP/1.1" 401 12 "-" "Mozilla/5.0 (Windows NT 10.0; Win64; x64; rv:71.0) Gecko/20100101 Firefox/71.0"
::1 - - [19/Dec/2019:02:47:04 +0000] "GET /favicon.ico HTTP/1.1" - - "-" "Mozilla/5.0 (Windows NT 10.0; Win64; x64; rv:71.0) Gecko/20100101 Firefox/71.0"
::1 - - [19/Dec/2019:02:49:13 +0000] "GET /login/joe/test HTTP/1.1" 401 12 "-" "Mozilla/5.0 (Windows NT 10.0; Win64; x64; rv:71.0) Gecko/20100101 Firefox/71.0"
::1 - - [19/Dec/2019:02:49:13 +0000] "GET /favicon.ico HTTP/1.1" - - "-" "Mozilla/5.0 (Windows NT 10.0; Win64; x64; rv:71.0) Gecko/20100101 Firefox/71.0"
::1 - - [19/Dec/2019:02:49:28 +0000] "GET /register/joe HTTP/1.1" 200 28 "-" "Mozilla/5.0 (Windows NT 10.0; Win64; x64; rv:71.0) Gecko/20100101 Firefox/71.0"
::1 - - [19/Dec/2019:02:49:28 +0000] "GET /favicon.ico HTTP/1.1" - - "-" "Mozilla/5.0 (Windows NT 10.0; Win64; x64; rv:71.0) Gecko/20100101 Firefox/71.0"
::1 - - [19/Dec/2019:02:49:32 +0000] "GET /register/ HTTP/1.1" 400 28 "-" "Mozilla/5.0 (Windows NT 10.0; Win64; x64; rv:71.0) Gecko/20100101 Firefox/71.0"
::1 - - [19/Dec/2019:02:49:34 +0000] "GET /register HTTP/1.1" 400 28 "-" "Mozilla/5.0 (Windows NT 10.0; Win64; x64; rv:71.0) Gecko/20100101 Firefox/71.0"
::1 - - [19/Dec/2019:02:50:09 +0000] "POST /register HTTP/1.1" 200 188 "-" "Mozilla/5.0 (Windows NT 10.0; Win64; x64; rv:71.0) Gecko/20100101 Firefox/71.0"
::1 - - [19/Dec/2019:02:51:44 +0000] "GET /login/joe/test HTTP/1.1" - - "-" "Mozilla/5.0 (Windows NT 10.0; Win64; x64; rv:71.0) Gecko/20100101 Firefox/71.0"
::1 - - [19/Dec/2019:02:53:44 +0000] "GET /login/joe/test HTTP/1.1" - - "-" "Mozilla/5.0 (Windows NT 10.0; Win64; x64; rv:71.0) Gecko/20100101 Firefox/71.0"
::1 - - [19/Dec/2019:02:55:44 +0000] "GET /login/joe/test HTTP/1.1" - - "-" "Mozilla/5.0 (Windows NT 10.0; Win64; x64; rv:71.0) Gecko/20100101 Firefox/71.0"
::1 - - [19/Dec/2019:02:57:44 +0000] "GET /login/joe/test HTTP/1.1" - - "-" "Mozilla/5.0 (Windows NT 10.0; Win64; x64; rv:71.0) Gecko/20100101 Firefox/71.0"
::1 - - [19/Dec/2019:02:59:44 +0000] "GET /login/joe/test HTTP/1.1" - - "-" "Mozilla/5.0 (Windows NT 10.0; Win64; x64; rv:71.0) Gecko/20100101 Firefox/71.0"
::1 - - [19/Dec/2019:03:01:44 +0000] "GET /login/joe/test HTTP/1.1" - - "-" "Mozilla/5.0 (Windows NT 10.0; Win64; x64; rv:71.0) Gecko/20100101 Firefox/71.0"
::1 - - [19/Dec/2019:03:03:44 +0000] "GET /login/joe/test HTTP/1.1" - - "-" "Mozilla/5.0 (Windows NT 10.0; Win64; x64; rv:71.0) Gecko/20100101 Firefox/71.0"
::1 - - [19/Dec/2019:03:04:58 +0000] "GET /login/joe/test HTTP/1.1" - - "-" "Mozilla/5.0 (Windows NT 10.0; Win64; x64; rv:71.0) Gecko/20100101 Firefox/71.0"
::1 - - [19/Dec/2019:03:05:02 +0000] "GET /login/joe/test HTTP/1.1" - - "-" "Mozilla/5.0 (Windows NT 10.0; Win64; x64; rv:71.0) Gecko/20100101 Firefox/71.0"
::1 - - [19/Dec/2019:03:05:04 +0000] "GET /login/joe/tests HTTP/1.1" - - "-" "Mozilla/5.0 (Windows NT 10.0; Win64; x64; rv:71.0) Gecko/20100101 Firefox/71.0"
::1 - - [19/Dec/2019:03:05:07 +0000] "GET /login/joe/test HTTP/1.1" - - "-" "Mozilla/5.0 (Windows NT 10.0; Win64; x64; rv:71.0) Gecko/20100101 Firefox/71.0"
::1 - - [19/Dec/2019:03:07:07 +0000] "GET /login/joe/test HTTP/1.1" - - "-" "Mozilla/5.0 (Windows NT 10.0; Win64; x64; rv:71.0) Gecko/20100101 Firefox/71.0"
::1 - - [19/Dec/2019:03:08:22 +0000] "GET /login/joe/test HTTP/1.1" - - "-" "Mozilla/5.0 (Windows NT 10.0; Win64; x64; rv:71.0) Gecko/20100101 Firefox/71.0"
::1 - - [19/Dec/2019:03:08:25 +0000] "GET /login/joe/test HTTP/1.1" - - "-" "Mozilla/5.0 (Windows NT 10.0; Win64; x64; rv:71.0) Gecko/20100101 Firefox/71.0"
::1 - - [19/Dec/2019:03:08:29 +0000] "GET /login/joe/test HTTP/1.1" - - "-" "Mozilla/5.0 (Windows NT 10.0; Win64; x64; rv:71.0) Gecko/20100101 Firefox/71.0"
::1 - - [19/Dec/2019:03:10:29 +0000] "GET /login/joe/test HTTP/1.1" - - "-" "Mozilla/5.0 (Windows NT 10.0; Win64; x64; rv:71.0) Gecko/20100101 Firefox/71.0"
::1 - - [19/Dec/2019:03:13:28 +0000] "GET /login/joe/test HTTP/1.1" 401 12 "-" "Mozilla/5.0 (Windows NT 10.0; Win64; x64; rv:71.0) Gecko/20100101 Firefox/71.0"
::1 - - [19/Dec/2019:03:13:29 +0000] "GET /favicon.ico HTTP/1.1" - - "-" "Mozilla/5.0 (Windows NT 10.0; Win64; x64; rv:71.0) Gecko/20100101 Firefox/71.0"
::1 - - [19/Dec/2019:03:13:42 +0000] "GET /login/joe/test HTTP/1.1" 401 12 "-" "Mozilla/5.0 (Windows NT 10.0; Win64; x64; rv:71.0) Gecko/20100101 Firefox/71.0"
::1 - - [19/Dec/2019:03:13:42 +0000] "GET /favicon.ico HTTP/1.1" - - "-" "Mozilla/5.0 (Windows NT 10.0; Win64; x64; rv:71.0) Gecko/20100101 Firefox/71.0"
::1 - - [19/Dec/2019:03:13:46 +0000] "GET /login/joe/tests HTTP/1.1" 401 12 "-" "Mozilla/5.0 (Windows NT 10.0; Win64; x64; rv:71.0) Gecko/20100101 Firefox/71.0"
::1 - - [19/Dec/2019:03:13:46 +0000] "GET /favicon.ico HTTP/1.1" - - "-" "Mozilla/5.0 (Windows NT 10.0; Win64; x64; rv:71.0) Gecko/20100101 Firefox/71.0"
::1 - - [19/Dec/2019:03:13:50 +0000] "GET /login/joe/test HTTP/1.1" 401 12 "-" "Mozilla/5.0 (Windows NT 10.0; Win64; x64; rv:71.0) Gecko/20100101 Firefox/71.0"
::1 - - [19/Dec/2019:03:13:50 +0000] "GET /favicon.ico HTTP/1.1" - - "-" "Mozilla/5.0 (Windows NT 10.0; Win64; x64; rv:71.0) Gecko/20100101 Firefox/71.0"
::1 - - [19/Dec/2019:03:17:18 +0000] "GET /login/joe/test HTTP/1.1" 401 12 "-" "Mozilla/5.0 (Windows NT 10.0; Win64; x64; rv:71.0) Gecko/20100101 Firefox/71.0"
::1 - - [19/Dec/2019:03:17:31 +0000] "GET /login/joe/test HTTP/1.1" 401 12 "-" "Mozilla/5.0 (Windows NT 10.0; Win64; x64; rv:71.0) Gecko/20100101 Firefox/71.0"
::1 - - [19/Dec/2019:03:17:31 +0000] "GET /favicon.ico HTTP/1.1" - - "-" "Mozilla/5.0 (Windows NT 10.0; Win64; x64; rv:71.0) Gecko/20100101 Firefox/71.0"
::1 - - [19/Dec/2019:03:18:00 +0000] "GET /login/joe/test HTTP/1.1" 401 12 "-" "Mozilla/5.0 (Windows NT 10.0; Win64; x64; rv:71.0) Gecko/20100101 Firefox/71.0"
::1 - - [19/Dec/2019:03:18:00 +0000] "GET /favicon.ico HTTP/1.1" - - "-" "Mozilla/5.0 (Windows NT 10.0; Win64; x64; rv:71.0) Gecko/20100101 Firefox/71.0"
::1 - - [19/Dec/2019:03:18:17 +0000] "GET /login/joe/joe HTTP/1.1" 200 19 "-" "Mozilla/5.0 (Windows NT 10.0; Win64; x64; rv:71.0) Gecko/20100101 Firefox/71.0"
::1 - - [19/Dec/2019:03:18:17 +0000] "GET /favicon.ico HTTP/1.1" - - "-" "Mozilla/5.0 (Windows NT 10.0; Win64; x64; rv:71.0) Gecko/20100101 Firefox/71.0"
::1 - - [19/Dec/2019:04:17:54 +0000] "GET /login/ HTTP/1.1" 401 135 "-" "Mozilla/5.0 (Windows NT 10.0; Win64; x64; rv:71.0) Gecko/20100101 Firefox/71.0"
::1 - - [19/Dec/2019:04:17:55 +0000] "GET /favicon.ico HTTP/1.1" - - "-" "Mozilla/5.0 (Windows NT 10.0; Win64; x64; rv:71.0) Gecko/20100101 Firefox/71.0"
::1 - - [19/Dec/2019:04:17:59 +0000] "GET /login/joe HTTP/1.1" 200 28 "-" "Mozilla/5.0 (Windows NT 10.0; Win64; x64; rv:71.0) Gecko/20100101 Firefox/71.0"
::1 - - [19/Dec/2019:04:18:03 +0000] "GET /login/joe/joe HTTP/1.1" 200 19 "-" "Mozilla/5.0 (Windows NT 10.0; Win64; x64; rv:71.0) Gecko/20100101 Firefox/71.0"
::1 - - [19/Dec/2019:04:21:30 +0000] "GET /login/joe HTTP/1.1" 500 2306 "-" "Mozilla/5.0 (Windows NT 10.0; Win64; x64; rv:71.0) Gecko/20100101 Firefox/71.0"
::1 - - [19/Dec/2019:04:22:21 +0000] "GET /login/joe HTTP/1.1" 200 135 "-" "Mozilla/5.0 (Windows NT 10.0; Win64; x64; rv:71.0) Gecko/20100101 Firefox/71.0"
::1 - - [19/Dec/2019:04:22:23 +0000] "GET /login/joe HTTP/1.1" 304 - "-" "Mozilla/5.0 (Windows NT 10.0; Win64; x64; rv:71.0) Gecko/20100101 Firefox/71.0"
::1 - - [19/Dec/2019:04:22:25 +0000] "GET /login/joe HTTP/1.1" 304 - "-" "Mozilla/5.0 (Windows NT 10.0; Win64; x64; rv:71.0) Gecko/20100101 Firefox/71.0"
::1 - - [19/Dec/2019:04:22:35 +0000] "GET /login/joe?pass=joe HTTP/1.1" 200 135 "-" "Mozilla/5.0 (Windows NT 10.0; Win64; x64; rv:71.0) Gecko/20100101 Firefox/71.0"
::1 - - [19/Dec/2019:04:22:38 +0000] "GET /login/joe?pass=joe HTTP/1.1" 304 - "-" "Mozilla/5.0 (Windows NT 10.0; Win64; x64; rv:71.0) Gecko/20100101 Firefox/71.0"
::1 - - [19/Dec/2019:04:23:02 +0000] "GET /login/joe?pass=joe HTTP/1.1" 200 138 "-" "Mozilla/5.0 (Windows NT 10.0; Win64; x64; rv:71.0) Gecko/20100101 Firefox/71.0"
::1 - - [19/Dec/2019:04:23:38 +0000] "GET /login/joe?pass=joe HTTP/1.1" 200 140 "-" "Mozilla/5.0 (Windows NT 10.0; Win64; x64; rv:71.0) Gecko/20100101 Firefox/71.0"
::1 - - [19/Dec/2019:04:51:55 +0000] "GET /login/joe HTTP/1.1" 500 2306 "-" "Mozilla/5.0 (Windows NT 10.0; Win64; x64; rv:71.0) Gecko/20100101 Firefox/71.0"
::1 - - [19/Dec/2019:04:54:53 +0000] "GET /joeonly HTTP/1.1" 200 40 "-" "Mozilla/5.0 (Windows NT 10.0; Win64; x64; rv:71.0) Gecko/20100101 Firefox/71.0"
::1 - - [19/Dec/2019:04:55:02 +0000] "GET /logout HTTP/1.1" 200 20 "-" "Mozilla/5.0 (Windows NT 10.0; Win64; x64; rv:71.0) Gecko/20100101 Firefox/71.0"
::1 - - [19/Dec/2019:04:55:08 +0000] "GET /joeonly HTTP/1.1" 500 139 "-" "Mozilla/5.0 (Windows NT 10.0; Win64; x64; rv:71.0) Gecko/20100101 Firefox/71.0"
::1 - - [19/Dec/2019:05:33:36 +0000] "GET /sd HTTP/1.1" 200 28 "-" "Mozilla/5.0 (Windows NT 10.0; Win64; x64; rv:71.0) Gecko/20100101 Firefox/71.0"
::1 - - [19/Dec/2019:05:33:36 +0000] "GET /favicon.ico HTTP/1.1" - - "-" "Mozilla/5.0 (Windows NT 10.0; Win64; x64; rv:71.0) Gecko/20100101 Firefox/71.0"
::1 - - [19/Dec/2019:05:33:38 +0000] "GET /sd HTTP/1.1" 200 28 "-" "Mozilla/5.0 (Windows NT 10.0; Win64; x64; rv:71.0) Gecko/20100101 Firefox/71.0"
::1 - - [19/Dec/2019:05:33:38 +0000] "GET /sd HTTP/1.1" 200 28 "-" "Mozilla/5.0 (Windows NT 10.0; Win64; x64; rv:71.0) Gecko/20100101 Firefox/71.0"
::1 - - [19/Dec/2019:05:33:39 +0000] "GET /sd HTTP/1.1" 200 28 "-" "Mozilla/5.0 (Windows NT 10.0; Win64; x64; rv:71.0) Gecko/20100101 Firefox/71.0"
::1 - - [19/Dec/2019:05:33:39 +0000] "GET /sd HTTP/1.1" 200 28 "-" "Mozilla/5.0 (Windows NT 10.0; Win64; x64; rv:71.0) Gecko/20100101 Firefox/71.0"
::1 - - [19/Dec/2019:05:33:43 +0000] "GET /sd HTTP/1.1" 200 28 "-" "Mozilla/5.0 (Windows NT 10.0; Win64; x64; rv:71.0) Gecko/20100101 Firefox/71.0"
::1 - - [20/Dec/2019:02:00:07 +0000] "GET /sd HTTP/1.1" 200 28 "-" "Mozilla/5.0 (Windows NT 10.0; Win64; x64; rv:71.0) Gecko/20100101 Firefox/71.0"
::1 - - [20/Dec/2019:02:00:10 +0000] "GET /sd HTTP/1.1" 200 28 "-" "Mozilla/5.0 (Windows NT 10.0; Win64; x64; rv:71.0) Gecko/20100101 Firefox/71.0"
::1 - - [20/Dec/2019:02:00:10 +0000] "GET /sd HTTP/1.1" 200 28 "-" "Mozilla/5.0 (Windows NT 10.0; Win64; x64; rv:71.0) Gecko/20100101 Firefox/71.0"
::1 - - [20/Dec/2019:02:00:10 +0000] "GET /sd HTTP/1.1" 200 29 "-" "Mozilla/5.0 (Windows NT 10.0; Win64; x64; rv:71.0) Gecko/20100101 Firefox/71.0"
::1 - - [20/Dec/2019:02:00:10 +0000] "GET /sd HTTP/1.1" 200 29 "-" "Mozilla/5.0 (Windows NT 10.0; Win64; x64; rv:71.0) Gecko/20100101 Firefox/71.0"
::1 - - [20/Dec/2019:02:00:10 +0000] "GET /sd HTTP/1.1" 200 29 "-" "Mozilla/5.0 (Windows NT 10.0; Win64; x64; rv:71.0) Gecko/20100101 Firefox/71.0"
::1 - - [20/Dec/2019:02:00:10 +0000] "GET /sd HTTP/1.1" 200 29 "-" "Mozilla/5.0 (Windows NT 10.0; Win64; x64; rv:71.0) Gecko/20100101 Firefox/71.0"
::1 - - [20/Dec/2019:02:00:10 +0000] "GET /sd HTTP/1.1" 200 29 "-" "Mozilla/5.0 (Windows NT 10.0; Win64; x64; rv:71.0) Gecko/20100101 Firefox/71.0"
::1 - - [20/Dec/2019:02:00:10 +0000] "GET /sd HTTP/1.1" 200 29 "-" "Mozilla/5.0 (Windows NT 10.0; Win64; x64; rv:71.0) Gecko/20100101 Firefox/71.0"
::1 - - [20/Dec/2019:02:00:10 +0000] "GET /sd HTTP/1.1" 200 29 "-" "Mozilla/5.0 (Windows NT 10.0; Win64; x64; rv:71.0) Gecko/20100101 Firefox/71.0"
::1 - - [20/Dec/2019:02:00:10 +0000] "GET /sd HTTP/1.1" 200 29 "-" "Mozilla/5.0 (Windows NT 10.0; Win64; x64; rv:71.0) Gecko/20100101 Firefox/71.0"
::1 - - [20/Dec/2019:02:00:10 +0000] "GET /sd HTTP/1.1" 200 29 "-" "Mozilla/5.0 (Windows NT 10.0; Win64; x64; rv:71.0) Gecko/20100101 Firefox/71.0"
::1 - - [20/Dec/2019:02:00:10 +0000] "GET /sd HTTP/1.1" 200 29 "-" "Mozilla/5.0 (Windows NT 10.0; Win64; x64; rv:71.0) Gecko/20100101 Firefox/71.0"
::1 - - [20/Dec/2019:02:00:10 +0000] "GET /sd HTTP/1.1" 200 29 "-" "Mozilla/5.0 (Windows NT 10.0; Win64; x64; rv:71.0) Gecko/20100101 Firefox/71.0"
::1 - - [20/Dec/2019:02:00:11 +0000] "GET /sd HTTP/1.1" 200 29 "-" "Mozilla/5.0 (Windows NT 10.0; Win64; x64; rv:71.0) Gecko/20100101 Firefox/71.0"
::1 - - [20/Dec/2019:02:00:11 +0000] "GET /sd HTTP/1.1" 200 29 "-" "Mozilla/5.0 (Windows NT 10.0; Win64; x64; rv:71.0) Gecko/20100101 Firefox/71.0"
::1 - - [20/Dec/2019:02:00:11 +0000] "GET /sd HTTP/1.1" 200 29 "-" "Mozilla/5.0 (Windows NT 10.0; Win64; x64; rv:71.0) Gecko/20100101 Firefox/71.0"
::1 - - [20/Dec/2019:02:00:11 +0000] "GET /sd HTTP/1.1" 200 29 "-" "Mozilla/5.0 (Windows NT 10.0; Win64; x64; rv:71.0) Gecko/20100101 Firefox/71.0"
::1 - - [20/Dec/2019:02:00:11 +0000] "GET /sd HTTP/1.1" 200 29 "-" "Mozilla/5.0 (Windows NT 10.0; Win64; x64; rv:71.0) Gecko/20100101 Firefox/71.0"
::1 - - [20/Dec/2019:02:00:11 +0000] "GET /sd HTTP/1.1" 200 29 "-" "Mozilla/5.0 (Windows NT 10.0; Win64; x64; rv:71.0) Gecko/20100101 Firefox/71.0"
::1 - - [20/Dec/2019:02:00:11 +0000] "GET /sd HTTP/1.1" 200 29 "-" "Mozilla/5.0 (Windows NT 10.0; Win64; x64; rv:71.0) Gecko/20100101 Firefox/71.0"
::1 - - [20/Dec/2019:02:00:11 +0000] "GET /sd HTTP/1.1" 200 29 "-" "Mozilla/5.0 (Windows NT 10.0; Win64; x64; rv:71.0) Gecko/20100101 Firefox/71.0"
::1 - - [20/Dec/2019:02:00:11 +0000] "GET /sd HTTP/1.1" 200 29 "-" "Mozilla/5.0 (Windows NT 10.0; Win64; x64; rv:71.0) Gecko/20100101 Firefox/71.0"
::1 - - [20/Dec/2019:02:00:11 +0000] "GET /sd HTTP/1.1" 200 29 "-" "Mozilla/5.0 (Windows NT 10.0; Win64; x64; rv:71.0) Gecko/20100101 Firefox/71.0"
::1 - - [20/Dec/2019:02:00:11 +0000] "GET /sd HTTP/1.1" 200 29 "-" "Mozilla/5.0 (Windows NT 10.0; Win64; x64; rv:71.0) Gecko/20100101 Firefox/71.0"
::1 - - [20/Dec/2019:02:00:11 +0000] "GET /sd HTTP/1.1" 200 29 "-" "Mozilla/5.0 (Windows NT 10.0; Win64; x64; rv:71.0) Gecko/20100101 Firefox/71.0"
::1 - - [20/Dec/2019:02:00:11 +0000] "GET /sd HTTP/1.1" 200 29 "-" "Mozilla/5.0 (Windows NT 10.0; Win64; x64; rv:71.0) Gecko/20100101 Firefox/71.0"
::1 - - [20/Dec/2019:02:00:11 +0000] "GET /sd HTTP/1.1" 200 29 "-" "Mozilla/5.0 (Windows NT 10.0; Win64; x64; rv:71.0) Gecko/20100101 Firefox/71.0"
::1 - - [20/Dec/2019:02:00:11 +0000] "GET /sd HTTP/1.1" 200 29 "-" "Mozilla/5.0 (Windows NT 10.0; Win64; x64; rv:71.0) Gecko/20100101 Firefox/71.0"
::1 - - [20/Dec/2019:02:00:11 +0000] "GET /sd HTTP/1.1" 200 29 "-" "Mozilla/5.0 (Windows NT 10.0; Win64; x64; rv:71.0) Gecko/20100101 Firefox/71.0"
::1 - - [20/Dec/2019:02:00:11 +0000] "GET /sd HTTP/1.1" 200 29 "-" "Mozilla/5.0 (Windows NT 10.0; Win64; x64; rv:71.0) Gecko/20100101 Firefox/71.0"
::1 - - [20/Dec/2019:02:00:11 +0000] "GET /sd HTTP/1.1" 200 29 "-" "Mozilla/5.0 (Windows NT 10.0; Win64; x64; rv:71.0) Gecko/20100101 Firefox/71.0"
::1 - - [20/Dec/2019:02:00:11 +0000] "GET /sd HTTP/1.1" 200 29 "-" "Mozilla/5.0 (Windows NT 10.0; Win64; x64; rv:71.0) Gecko/20100101 Firefox/71.0"
::1 - - [20/Dec/2019:02:00:11 +0000] "GET /sd HTTP/1.1" 200 29 "-" "Mozilla/5.0 (Windows NT 10.0; Win64; x64; rv:71.0) Gecko/20100101 Firefox/71.0"
::1 - - [20/Dec/2019:02:00:11 +0000] "GET /sd HTTP/1.1" 200 29 "-" "Mozilla/5.0 (Windows NT 10.0; Win64; x64; rv:71.0) Gecko/20100101 Firefox/71.0"
::1 - - [20/Dec/2019:02:00:11 +0000] "GET /sd HTTP/1.1" 200 29 "-" "Mozilla/5.0 (Windows NT 10.0; Win64; x64; rv:71.0) Gecko/20100101 Firefox/71.0"
::1 - - [20/Dec/2019:02:00:11 +0000] "GET /sd HTTP/1.1" 200 29 "-" "Mozilla/5.0 (Windows NT 10.0; Win64; x64; rv:71.0) Gecko/20100101 Firefox/71.0"
::1 - - [20/Dec/2019:02:00:11 +0000] "GET /sd HTTP/1.1" 200 29 "-" "Mozilla/5.0 (Windows NT 10.0; Win64; x64; rv:71.0) Gecko/20100101 Firefox/71.0"
::1 - - [20/Dec/2019:02:00:11 +0000] "GET /sd HTTP/1.1" 200 29 "-" "Mozilla/5.0 (Windows NT 10.0; Win64; x64; rv:71.0) Gecko/20100101 Firefox/71.0"
::1 - - [20/Dec/2019:02:00:11 +0000] "GET /sd HTTP/1.1" 200 29 "-" "Mozilla/5.0 (Windows NT 10.0; Win64; x64; rv:71.0) Gecko/20100101 Firefox/71.0"
::1 - - [20/Dec/2019:02:00:11 +0000] "GET /sd HTTP/1.1" 200 29 "-" "Mozilla/5.0 (Windows NT 10.0; Win64; x64; rv:71.0) Gecko/20100101 Firefox/71.0"
::1 - - [20/Dec/2019:02:00:11 +0000] "GET /sd HTTP/1.1" 200 29 "-" "Mozilla/5.0 (Windows NT 10.0; Win64; x64; rv:71.0) Gecko/20100101 Firefox/71.0"
::1 - - [20/Dec/2019:02:00:11 +0000] "GET /sd HTTP/1.1" 200 29 "-" "Mozilla/5.0 (Windows NT 10.0; Win64; x64; rv:71.0) Gecko/20100101 Firefox/71.0"
::1 - - [20/Dec/2019:02:00:11 +0000] "GET /sd HTTP/1.1" 200 29 "-" "Mozilla/5.0 (Windows NT 10.0; Win64; x64; rv:71.0) Gecko/20100101 Firefox/71.0"
::1 - - [20/Dec/2019:02:00:12 +0000] "GET /sd HTTP/1.1" 200 29 "-" "Mozilla/5.0 (Windows NT 10.0; Win64; x64; rv:71.0) Gecko/20100101 Firefox/71.0"
::1 - - [20/Dec/2019:02:00:12 +0000] "GET /sd HTTP/1.1" 200 29 "-" "Mozilla/5.0 (Windows NT 10.0; Win64; x64; rv:71.0) Gecko/20100101 Firefox/71.0"
::1 - - [20/Dec/2019:02:00:12 +0000] "GET /sd HTTP/1.1" 200 29 "-" "Mozilla/5.0 (Windows NT 10.0; Win64; x64; rv:71.0) Gecko/20100101 Firefox/71.0"
::1 - - [20/Dec/2019:02:00:12 +0000] "GET /sd HTTP/1.1" 200 29 "-" "Mozilla/5.0 (Windows NT 10.0; Win64; x64; rv:71.0) Gecko/20100101 Firefox/71.0"
::1 - - [20/Dec/2019:02:00:12 +0000] "GET /sd HTTP/1.1" 200 29 "-" "Mozilla/5.0 (Windows NT 10.0; Win64; x64; rv:71.0) Gecko/20100101 Firefox/71.0"
::1 - - [20/Dec/2019:02:00:12 +0000] "GET /sd HTTP/1.1" 200 29 "-" "Mozilla/5.0 (Windows NT 10.0; Win64; x64; rv:71.0) Gecko/20100101 Firefox/71.0"
::1 - - [20/Dec/2019:02:00:12 +0000] "GET /sd HTTP/1.1" 200 29 "-" "Mozilla/5.0 (Windows NT 10.0; Win64; x64; rv:71.0) Gecko/20100101 Firefox/71.0"
::1 - - [20/Dec/2019:02:00:12 +0000] "GET /sd HTTP/1.1" 200 29 "-" "Mozilla/5.0 (Windows NT 10.0; Win64; x64; rv:71.0) Gecko/20100101 Firefox/71.0"
::1 - - [20/Dec/2019:02:00:12 +0000] "GET /sd HTTP/1.1" 200 29 "-" "Mozilla/5.0 (Windows NT 10.0; Win64; x64; rv:71.0) Gecko/20100101 Firefox/71.0"
::1 - - [20/Dec/2019:02:00:12 +0000] "GET /sd HTTP/1.1" 200 29 "-" "Mozilla/5.0 (Windows NT 10.0; Win64; x64; rv:71.0) Gecko/20100101 Firefox/71.0"
::1 - - [20/Dec/2019:02:00:12 +0000] "GET /sd HTTP/1.1" 200 29 "-" "Mozilla/5.0 (Windows NT 10.0; Win64; x64; rv:71.0) Gecko/20100101 Firefox/71.0"
::1 - - [20/Dec/2019:02:00:12 +0000] "GET /sd HTTP/1.1" 200 29 "-" "Mozilla/5.0 (Windows NT 10.0; Win64; x64; rv:71.0) Gecko/20100101 Firefox/71.0"
::1 - - [20/Dec/2019:02:00:12 +0000] "GET /sd HTTP/1.1" 200 29 "-" "Mozilla/5.0 (Windows NT 10.0; Win64; x64; rv:71.0) Gecko/20100101 Firefox/71.0"
::1 - - [20/Dec/2019:02:00:12 +0000] "GET /sd HTTP/1.1" 200 29 "-" "Mozilla/5.0 (Windows NT 10.0; Win64; x64; rv:71.0) Gecko/20100101 Firefox/71.0"
::1 - - [20/Dec/2019:02:00:12 +0000] "GET /sd HTTP/1.1" 200 29 "-" "Mozilla/5.0 (Windows NT 10.0; Win64; x64; rv:71.0) Gecko/20100101 Firefox/71.0"
::1 - - [20/Dec/2019:02:00:12 +0000] "GET /sd HTTP/1.1" 200 29 "-" "Mozilla/5.0 (Windows NT 10.0; Win64; x64; rv:71.0) Gecko/20100101 Firefox/71.0"
::1 - - [20/Dec/2019:02:00:12 +0000] "GET /sd HTTP/1.1" 200 29 "-" "Mozilla/5.0 (Windows NT 10.0; Win64; x64; rv:71.0) Gecko/20100101 Firefox/71.0"
::1 - - [20/Dec/2019:02:00:12 +0000] "GET /sd HTTP/1.1" 200 29 "-" "Mozilla/5.0 (Windows NT 10.0; Win64; x64; rv:71.0) Gecko/20100101 Firefox/71.0"
::1 - - [20/Dec/2019:02:46:00 +0000] "GET /joeonly HTTP/1.1" 500 139 "-" "Mozilla/5.0 (Windows NT 10.0; Win64; x64; rv:71.0) Gecko/20100101 Firefox/71.0"
::1 - - [20/Dec/2019:02:46:21 +0000] "GET /login/?user=joe&pass=joe HTTP/1.1" 200 19 "-" "Mozilla/5.0 (Windows NT 10.0; Win64; x64; rv:71.0) Gecko/20100101 Firefox/71.0"
::1 - - [20/Dec/2019:02:46:25 +0000] "GET /login/?user=joe&pass=joes HTTP/1.1" 401 12 "-" "Mozilla/5.0 (Windows NT 10.0; Win64; x64; rv:71.0) Gecko/20100101 Firefox/71.0"
::1 - - [20/Dec/2019:02:46:29 +0000] "GET /login/?user=joe&pass=joe HTTP/1.1" 304 - "-" "Mozilla/5.0 (Windows NT 10.0; Win64; x64; rv:71.0) Gecko/20100101 Firefox/71.0"
::1 - - [20/Dec/2019:02:46:35 +0000] "GET /joeonly HTTP/1.1" 200 40 "-" "Mozilla/5.0 (Windows NT 10.0; Win64; x64; rv:71.0) Gecko/20100101 Firefox/71.0"
::1 - - [22/Dec/2019:18:05:28 +0000] "GET /joeonly HTTP/1.1" 500 1184 "-" "Mozilla/5.0 (Windows NT 10.0; Win64; x64; rv:71.0) Gecko/20100101 Firefox/71.0"
::1 - - [22/Dec/2019:18:06:39 +0000] "GET /joeonly HTTP/1.1" 500 1184 "-" "Mozilla/5.0 (Windows NT 10.0; Win64; x64; rv:71.0) Gecko/20100101 Firefox/71.0"
::1 - - [22/Dec/2019:18:06:46 +0000] "GET /joeonlys HTTP/1.1" 500 1185 "-" "Mozilla/5.0 (Windows NT 10.0; Win64; x64; rv:71.0) Gecko/20100101 Firefox/71.0"
::1 - - [22/Dec/2019:18:06:49 +0000] "GET /joeonly HTTP/1.1" 500 1184 "-" "Mozilla/5.0 (Windows NT 10.0; Win64; x64; rv:71.0) Gecko/20100101 Firefox/71.0"
::1 - - [22/Dec/2019:18:08:55 +0000] "GET /joeonly HTTP/1.1" 500 139 "-" "Mozilla/5.0 (Windows NT 10.0; Win64; x64; rv:71.0) Gecko/20100101 Firefox/71.0"
::1 - - [23/Dec/2019:01:58:37 +0000] "GET /joeonly HTTP/1.1" 500 139 "-" "Mozilla/5.0 (Windows NT 10.0; Win64; x64; rv:71.0) Gecko/20100101 Firefox/71.0"
::1 - - [23/Dec/2019:01:58:43 +0000] "GET /login HTTP/1.1" 401 140 "-" "Mozilla/5.0 (Windows NT 10.0; Win64; x64; rv:71.0) Gecko/20100101 Firefox/71.0"
::1 - - [23/Dec/2019:01:58:43 +0000] "GET /favicon.ico HTTP/1.1" - - "-" "Mozilla/5.0 (Windows NT 10.0; Win64; x64; rv:71.0) Gecko/20100101 Firefox/71.0"
::1 - - [23/Dec/2019:01:58:46 +0000] "GET /login/joe?pass=joe HTTP/1.1" 200 140 "-" "Mozilla/5.0 (Windows NT 10.0; Win64; x64; rv:71.0) Gecko/20100101 Firefox/71.0"
::1 - - [23/Dec/2019:01:58:47 +0000] "GET /login/joe?pass=joe HTTP/1.1" 304 - "-" "Mozilla/5.0 (Windows NT 10.0; Win64; x64; rv:71.0) Gecko/20100101 Firefox/71.0"
::1 - - [23/Dec/2019:01:59:04 +0000] "GET /login?user=joe?pass=testssss HTTP/1.1" 401 140 "-" "Mozilla/5.0 (Windows NT 10.0; Win64; x64; rv:71.0) Gecko/20100101 Firefox/71.0"
::1 - - [23/Dec/2019:01:59:10 +0000] "GET /login?user=joe&pass=testssss HTTP/1.1" 401 12 "-" "Mozilla/5.0 (Windows NT 10.0; Win64; x64; rv:71.0) Gecko/20100101 Firefox/71.0"
::1 - - [23/Dec/2019:01:59:14 +0000] "GET /login?user=joe&pass=joe HTTP/1.1" 200 19 "-" "Mozilla/5.0 (Windows NT 10.0; Win64; x64; rv:71.0) Gecko/20100101 Firefox/71.0"
::1 - - [23/Dec/2019:01:59:20 +0000] "GET /joeonly HTTP/1.1" 200 40 "-" "Mozilla/5.0 (Windows NT 10.0; Win64; x64; rv:71.0) Gecko/20100101 Firefox/71.0"
::1 - - [04/Jan/2020:18:46:41 +0000] "GET / HTTP/1.1" 200 28 "-" "Mozilla/5.0 (Windows NT 10.0; Win64; x64; rv:71.0) Gecko/20100101 Firefox/71.0"
::1 - - [04/Jan/2020:18:46:41 +0000] "GET /favicon.ico HTTP/1.1" 200 28 "-" "Mozilla/5.0 (Windows NT 10.0; Win64; x64; rv:71.0) Gecko/20100101 Firefox/71.0"
::1 - - [05/Jan/2020:13:37:26 +0000] "GET / HTTP/1.1" 200 28 "-" "Mozilla/5.0 (Windows NT 10.0; Win64; x64; rv:71.0) Gecko/20100101 Firefox/71.0"
::1 - - [05/Jan/2020:14:22:16 +0000] "GET / HTTP/1.1" 200 28 "-" "Mozilla/5.0 (Windows NT 10.0; Win64; x64; rv:71.0) Gecko/20100101 Firefox/71.0"
::1 - - [05/Jan/2020:14:22:16 +0000] "GET /favicon.ico HTTP/1.1" - - "-" "Mozilla/5.0 (Windows NT 10.0; Win64; x64; rv:71.0) Gecko/20100101 Firefox/71.0"
::ffff:127.0.0.1 - - [05/Jan/2020:17:23:42 +0000] "GET / HTTP/1.1" 200 28 "-" "Mozilla/5.0 (Windows NT 10.0; Win64; x64; rv:71.0) Gecko/20100101 Firefox/71.0"
::ffff:127.0.0.1 - - [05/Jan/2020:17:23:42 +0000] "GET /favicon.ico HTTP/1.1" - - "-" "Mozilla/5.0 (Windows NT 10.0; Win64; x64; rv:71.0) Gecko/20100101 Firefox/71.0"
::1 - - [06/Jan/2020:22:57:20 +0000] "GET / HTTP/1.1" 200 28 "-" "Mozilla/5.0 (Windows NT 10.0; Win64; x64; rv:71.0) Gecko/20100101 Firefox/71.0"
::1 - - [07/Jan/2020:02:21:48 +0000] "GET / HTTP/1.1" 200 28 "-" "Mozilla/5.0 (Windows NT 10.0; Win64; x64; rv:71.0) Gecko/20100101 Firefox/71.0"
::1 - - [07/Jan/2020:02:21:48 +0000] "GET /favicon.ico HTTP/1.1" - - "-" "Mozilla/5.0 (Windows NT 10.0; Win64; x64; rv:71.0) Gecko/20100101 Firefox/71.0"
::1 - - [07/Jan/2020:02:24:13 +0000] "GET /favicon.ico HTTP/1.1" 200 28 "-" "Mozilla/5.0 (Windows NT 10.0; Win64; x64; rv:71.0) Gecko/20100101 Firefox/71.0"
